<?xml version="1.0" encoding="UTF-8"?>
<!-- Generated by org.testng.reporters.JUnitReportReporter -->
<testsuite hostname="Onil" failures="0" tests="1" name="com.Rahul.BrowsterstackIntegration.BaseTest" time="30.957" errors="0" timestamp="2023-05-01T17:17:18 IST" skipped="0">
  <testcase classname="com.Rahul.BrowsterstackIntegration.BaseTest" name="configureAppium" time="30.957"/>
  <system-out/>
</testsuite> <!-- com.Rahul.BrowsterstackIntegration.BaseTest -->
